[0.021s] Invoking command in '/home/albertocastro/px4_drone/build/px4_ros_com': AMENT_PREFIX_PATH=/home/albertocastro/px4_drone/install/px4_msgs:${AMENT_PREFIX_PATH} CMAKE_PREFIX_PATH=/home/albertocastro/px4_drone/install/px4_msgs:/opt/ros/humble LD_LIBRARY_PATH=/home/albertocastro/px4_drone/install/px4_msgs/lib:${LD_LIBRARY_PATH} PYTHONPATH=/home/albertocastro/px4_drone/install/px4_msgs/local/lib/python3.10/dist-packages:${PYTHONPATH} /usr/bin/cmake --build /home/albertocastro/px4_drone/build/px4_ros_com -- -j4 -l4
[0.091s] [35m[1mConsolidate compiler generated dependencies of target frame_transforms[0m
[0.091s] [35m[1mConsolidate compiler generated dependencies of target sensor_combined_listener[0m
[0.091s] [35m[1mConsolidate compiler generated dependencies of target debug_vect_advertiser[0m
[0.096s] [35m[1mConsolidate compiler generated dependencies of target vehicle_gps_position_listener[0m
[0.119s] [ 20%] Built target debug_vect_advertiser
[0.122s] [ 40%] Built target frame_transforms
[0.126s] [ 60%] Built target sensor_combined_listener
[0.134s] [ 70%] [32mBuilding CXX object CMakeFiles/vehicle_gps_position_listener.dir/src/examples/listeners/vehicle_gps_position_listener.cpp.o[0m
[0.139s] [35m[1mConsolidate compiler generated dependencies of target offboard_control[0m
[0.171s] [ 80%] [32mBuilding CXX object CMakeFiles/offboard_control.dir/src/examples/offboard/offboard_control.cpp.o[0m
[3.523s] [01m[K/home/albertocastro/px4_drone/src/px4_ros_com/src/examples/listeners/vehicle_gps_position_listener.cpp:[m[K In lambda function:
[3.523s] [01m[K/home/albertocastro/px4_drone/src/px4_ros_com/src/examples/listeners/vehicle_gps_position_listener.cpp:60:54:[m[K [01;31m[Kerror: [m[Kâ€˜[01m[Kstruct px4_msgs::msg::SensorGps_<std::allocator<void> >[m[Kâ€™ has no member named â€˜[01m[Klat[m[Kâ€™
[3.523s]    60 |                         std::cout << "lat: " << msg->[01;31m[Klat[m[K  << std::endl;
[3.524s]       |                                                      [01;31m[K^~~[m[K
[3.524s] [01m[K/home/albertocastro/px4_drone/src/px4_ros_com/src/examples/listeners/vehicle_gps_position_listener.cpp:61:54:[m[K [01;31m[Kerror: [m[Kâ€˜[01m[Kstruct px4_msgs::msg::SensorGps_<std::allocator<void> >[m[Kâ€™ has no member named â€˜[01m[Klon[m[Kâ€™
[3.524s]    61 |                         std::cout << "lon: " << msg->[01;31m[Klon[m[K << std::endl;
[3.524s]       |                                                      [01;31m[K^~~[m[K
[3.524s] [01m[K/home/albertocastro/px4_drone/src/px4_ros_com/src/examples/listeners/vehicle_gps_position_listener.cpp:62:54:[m[K [01;31m[Kerror: [m[Kâ€˜[01m[Kstruct px4_msgs::msg::SensorGps_<std::allocator<void> >[m[Kâ€™ has no member named â€˜[01m[Kalt[m[Kâ€™
[3.525s]    62 |                         std::cout << "alt: " << msg->[01;31m[Kalt[m[K  << std::endl;
[3.525s]       |                                                      [01;31m[K^~~[m[K
[3.525s] [01m[K/home/albertocastro/px4_drone/src/px4_ros_com/src/examples/listeners/vehicle_gps_position_listener.cpp:63:64:[m[K [01;31m[Kerror: [m[Kâ€˜[01m[Kstruct px4_msgs::msg::SensorGps_<std::allocator<void> >[m[Kâ€™ has no member named â€˜[01m[Kalt_ellipsoid[m[Kâ€™; did you mean â€˜[01m[Kaltitude_ellipsoid_m[m[Kâ€™?
[3.525s]    63 |                         std::cout << "alt_ellipsoid: " << msg->[01;31m[Kalt_ellipsoid[m[K << std::endl;
[3.525s]       |                                                                [01;31m[K^~~~~~~~~~~~~[m[K
[3.525s]       |                                                                [32m[Kaltitude_ellipsoid_m[m[K
[6.993s] gmake[2]: *** [CMakeFiles/vehicle_gps_position_listener.dir/build.make:76: CMakeFiles/vehicle_gps_position_listener.dir/src/examples/listeners/vehicle_gps_position_listener.cpp.o] Error 1
[6.993s] gmake[1]: *** [CMakeFiles/Makefile2:197: CMakeFiles/vehicle_gps_position_listener.dir/all] Error 2
[6.993s] gmake[1]: *** Waiting for unfinished jobs....
[7.643s] [ 90%] [32m[1mLinking CXX executable offboard_control[0m
[7.937s] [ 90%] Built target offboard_control
[7.938s] gmake: *** [Makefile:146: all] Error 2
[7.941s] Invoked command in '/home/albertocastro/px4_drone/build/px4_ros_com' returned '2': AMENT_PREFIX_PATH=/home/albertocastro/px4_drone/install/px4_msgs:${AMENT_PREFIX_PATH} CMAKE_PREFIX_PATH=/home/albertocastro/px4_drone/install/px4_msgs:/opt/ros/humble LD_LIBRARY_PATH=/home/albertocastro/px4_drone/install/px4_msgs/lib:${LD_LIBRARY_PATH} PYTHONPATH=/home/albertocastro/px4_drone/install/px4_msgs/local/lib/python3.10/dist-packages:${PYTHONPATH} /usr/bin/cmake --build /home/albertocastro/px4_drone/build/px4_ros_com -- -j4 -l4
