[0.023s] Invoking command in '/home/albertocastro/px4_drone/build/px4_ros_com': AMENT_PREFIX_PATH=/home/albertocastro/px4_drone/install/px4_msgs:${AMENT_PREFIX_PATH} CMAKE_PREFIX_PATH=/home/albertocastro/px4_drone/install/px4_msgs:/opt/ros/humble LD_LIBRARY_PATH=/home/albertocastro/px4_drone/install/px4_msgs/lib:${LD_LIBRARY_PATH} PYTHONPATH=/home/albertocastro/px4_drone/install/px4_msgs/local/lib/python3.10/dist-packages:${PYTHONPATH} /usr/bin/cmake --build /home/albertocastro/px4_drone/build/px4_ros_com -- -j4 -l4
[0.083s] [35m[1mConsolidate compiler generated dependencies of target vehicle_gps_position_listener[0m
[0.102s] [ 20%] Built target sensor_combined_listener
[0.111s] [ 40%] Built target frame_transforms
[0.116s] [ 50%] [32mBuilding CXX object CMakeFiles/vehicle_gps_position_listener.dir/src/examples/listeners/vehicle_gps_position_listener.cpp.o[0m
[0.124s] [ 70%] Built target debug_vect_advertiser
[0.153s] [ 90%] Built target offboard_control
[3.057s] [01m[K/home/albertocastro/px4_drone/src/px4_ros_com/src/examples/listeners/vehicle_gps_position_listener.cpp:[m[K In lambda function:
[3.057s] [01m[K/home/albertocastro/px4_drone/src/px4_ros_com/src/examples/listeners/vehicle_gps_position_listener.cpp:60:54:[m[K [01;31m[Kerror: [m[Kâ€˜[01m[Kstruct px4_msgs::msg::SensorGps_<std::allocator<void> >[m[Kâ€™ has no member named â€˜[01m[Klatitude[m[Kâ€™; did you mean â€˜[01m[Klatitude_deg[m[Kâ€™?
[3.057s]    60 |                         std::cout << "lat: " << msg->[01;31m[Klatitude[m[K  << std::endl;
[3.057s]       |                                                      [01;31m[K^~~~~~~~[m[K
[3.057s]       |                                                      [32m[Klatitude_deg[m[K
[3.058s] [01m[K/home/albertocastro/px4_drone/src/px4_ros_com/src/examples/listeners/vehicle_gps_position_listener.cpp:61:54:[m[K [01;31m[Kerror: [m[Kâ€˜[01m[Kstruct px4_msgs::msg::SensorGps_<std::allocator<void> >[m[Kâ€™ has no member named â€˜[01m[Klongitude[m[Kâ€™; did you mean â€˜[01m[Klongitude_deg[m[Kâ€™?
[3.058s]    61 |                         std::cout << "lon: " << msg->[01;31m[Klongitude[m[K << std::endl;
[3.058s]       |                                                      [01;31m[K^~~~~~~~~[m[K
[3.058s]       |                                                      [32m[Klongitude_deg[m[K
[3.058s] [01m[K/home/albertocastro/px4_drone/src/px4_ros_com/src/examples/listeners/vehicle_gps_position_listener.cpp:62:54:[m[K [01;31m[Kerror: [m[Kâ€˜[01m[Kstruct px4_msgs::msg::SensorGps_<std::allocator<void> >[m[Kâ€™ has no member named â€˜[01m[Kaltitude[m[Kâ€™
[3.058s]    62 |                         std::cout << "alt: " << msg->[01;31m[Kaltitude[m[K  << std::endl;
[3.059s]       |                                                      [01;31m[K^~~~~~~~[m[K
[5.998s] gmake[2]: *** [CMakeFiles/vehicle_gps_position_listener.dir/build.make:76: CMakeFiles/vehicle_gps_position_listener.dir/src/examples/listeners/vehicle_gps_position_listener.cpp.o] Error 1
[5.998s] gmake[1]: *** [CMakeFiles/Makefile2:197: CMakeFiles/vehicle_gps_position_listener.dir/all] Error 2
[5.998s] gmake: *** [Makefile:146: all] Error 2
[6.001s] Invoked command in '/home/albertocastro/px4_drone/build/px4_ros_com' returned '2': AMENT_PREFIX_PATH=/home/albertocastro/px4_drone/install/px4_msgs:${AMENT_PREFIX_PATH} CMAKE_PREFIX_PATH=/home/albertocastro/px4_drone/install/px4_msgs:/opt/ros/humble LD_LIBRARY_PATH=/home/albertocastro/px4_drone/install/px4_msgs/lib:${LD_LIBRARY_PATH} PYTHONPATH=/home/albertocastro/px4_drone/install/px4_msgs/local/lib/python3.10/dist-packages:${PYTHONPATH} /usr/bin/cmake --build /home/albertocastro/px4_drone/build/px4_ros_com -- -j4 -l4
